<?xml version="1.0" encoding="UTF-8"?>
<testsuite name="game.KeySettingTest" tests="5" skipped="0" failures="0" errors="0" timestamp="2022-05-08T14:29:15" hostname="MacBook-Pro-2.local" time="0.019">
  <properties/>
  <testcase name="dropKeysettingTest" classname="game.KeySettingTest" time="0.004"/>
  <testcase name="rightKeysettingTest" classname="game.KeySettingTest" time="0.005"/>
  <testcase name="downKeysettingTest" classname="game.KeySettingTest" time="0.002"/>
  <testcase name="leftKeysettingTest" classname="game.KeySettingTest" time="0.003"/>
  <testcase name="upKeysettingTest" classname="game.KeySettingTest" time="0.005"/>
  <system-out><![CDATA[]]></system-out>
  <system-err><![CDATA[]]></system-err>
</testsuite>
