<?xml version="1.0" encoding="UTF-8"?>
<testsuite name="block.WBlockTest" tests="3" skipped="0" failures="0" errors="0" timestamp="2022-05-08T14:29:14" hostname="MacBook-Pro-2.local" time="0.0">
  <properties/>
  <testcase name="rotate()" classname="block.WBlockTest" time="0.0"/>
  <testcase name="getItem()" classname="block.WBlockTest" time="0.0"/>
  <testcase name="getShape()" classname="block.WBlockTest" time="0.0"/>
  <system-out><![CDATA[]]></system-out>
  <system-err><![CDATA[]]></system-err>
</testsuite>
